sample/build/intermediates/manifest_merge_blame_file/debug/manifest-merger-blame-debug-report.txt
1<?xml version="1.0" encoding="utf-8"?>
2<manifest xmlns:android="http://schemas.android.com/apk/res/android"
3    package="com.github.barteksc.sample"
4    android:versionCode="3"
5    android:versionName="3.0.0" >
6
7    <uses-sdk
8        android:minSdkVersion="19"
8-->src\main\AndroidManifest.xml
9        android:targetSdkVersion="30" />
9-->src\main\AndroidManifest.xml
10
11    <uses-permission android:name="android.permission.READ_EXTERNAL_STORAGE" />
11-->src\main\AndroidManifest.xml:5:5-80
11-->src\main\AndroidManifest.xml:5:22-77
12
13    <application
13-->src\main\AndroidManifest.xml:7:5-20:19
14        android:appComponentFactory="androidx.core.app.CoreComponentFactory"
14-->[androidx.core:core:1.3.1] AndroidManifest.xml:24:18-86
15        android:debuggable="true"
16        android:icon="@drawable/ic_launcher"
16-->src\main\AndroidManifest.xml:8:9-45
17        android:label="@string/app_name"
17-->src\main\AndroidManifest.xml:9:9-41
18        android:testOnly="true"
19        android:theme="@style/Theme.AppCompat.Light" >
19-->src\main\AndroidManifest.xml:10:9-53
20        <activity
20-->src\main\AndroidManifest.xml:11:9-19:20
21            android:name="com.github.barteksc.sample.TestActivity"
21-->src\main\AndroidManifest.xml:12:13-41
22            android:label="@string/app_name" >
22-->src\main\AndroidManifest.xml:13:13-45
23            <intent-filter>
23-->src\main\AndroidManifest.xml:14:13-18:29
24                <action android:name="android.intent.action.MAIN" />
24-->src\main\AndroidManifest.xml:15:17-69
24-->src\main\AndroidManifest.xml:15:25-66
25
26                <category android:name="android.intent.category.LAUNCHER" />
26-->src\main\AndroidManifest.xml:17:17-77
26-->src\main\AndroidManifest.xml:17:27-74
27            </intent-filter>
28        </activity>
29        <activity android:name="com.xhh.pdfui.PDFPreviewActivity" />
29-->[:pdfui] AndroidManifest.xml:12:9-69
29-->[:pdfui] AndroidManifest.xml:12:19-66
30        <activity android:name="com.xhh.pdfui.PDFCatelogueActivity" />
30-->[:pdfui] AndroidManifest.xml:13:9-71
30-->[:pdfui] AndroidManifest.xml:13:19-68
31        <activity android:name="com.xhh.pdfui.PDFActivity" />
31-->[:pdfui] AndroidManifest.xml:14:9-62
31-->[:pdfui] AndroidManifest.xml:14:19-59
32    </application>
33
34</manifest>